<?xml version="1.0" encoding="UTF-8"?>
<testsuite xmlns:xsi="http://www.w3.org/2001/XMLSchema-instance" xsi:noNamespaceSchemaLocation="https://maven.apache.org/surefire/maven-surefire-plugin/xsd/surefire-test-report.xsd" version="3.0.2" name="unb.tppe.api.SaleTest" time="0.169" tests="4" errors="0" skipped="0" failures="0">
  <properties>
[...]
</properties>
  <testcase name="listAll" classname="unb.tppe.api.SaleTest" time="0.049">
    <system-out><![CDATA[&amp#27;[35m[Hibernate]&amp#27;[0m 
    &amp#27;[34mselect&amp#27;[0m
        ss1_0.id,
        ss1_0.client_id,
        ss1_0.dateSale,
        ss1_0.price,
        ss1_0.seller_id 
    &amp#27;[34mfrom&amp#27;[0m
        SALE ss1_0
&amp#27;[35m[Hibernate]&amp#27;[0m 
    &amp#27;[34mselect&amp#27;[0m
        cs1_0.id,
        cs1_0.notifyPromotion,
        cs1_0.person_id,
        ps1_0.id,
        ps1_0.birthdate,
        ps1_0.email,
        ps1_0.exclusionDate,
        ps1_0.name,
        ps1_0.password,
        ps1_0.role,
        cs1_0.registrationDate 
    &amp#27;[34mfrom&amp#27;[0m
        CLIENT cs1_0 
    &amp#27;[34mjoin&amp#27;[0m
        PERSON ps1_0 
            &amp#27;[34mon&amp#27;[0m ps1_0.id=cs1_0.person_id 
    &amp#27;[34mwhere&amp#27;[0m
        cs1_0.id &amp#27;[34min&amp#27;[0m (?, ?, ?, ?, ?, ?, ?, ?, ?, ?, ?, ?, ?, ?, ?, ?)
&amp#27;[35m[Hibernate]&amp#27;[0m 
    &amp#27;[34mselect&amp#27;[0m
        ss1_0.id,
        ss1_0.baseSalary,
        ss1_0.numberHours,
        ss1_0.person_id,
        ps1_0.id,
        ps1_0.birthdate,
        ps1_0.email,
        ps1_0.exclusionDate,
        ps1_0.name,
        ps1_0.password,
        ps1_0.role 
    &amp#27;[34mfrom&amp#27;[0m
        SELLER ss1_0 
    &amp#27;[34mjoin&amp#27;[0m
        PERSON ps1_0 
            &amp#27;[34mon&amp#27;[0m ps1_0.id=ss1_0.person_id 
    &amp#27;[34mwhere&amp#27;[0m
        ss1_0.id &amp#27;[34min&amp#27;[0m (?, ?, ?, ?, ?, ?, ?, ?, ?, ?, ?, ?, ?, ?, ?, ?)
&amp#27;[35m[Hibernate]&amp#27;[0m 
    &amp#27;[34mselect&amp#27;[0m
        p1_0.sale_id,
        p1_1.id,
        p1_1.department_id,
        p1_1.description,
        p1_1.exclusionDate,
        p1_1.name,
        p1_1.price 
    &amp#27;[34mfrom&amp#27;[0m
        SALE_PRODUCT p1_0 
    &amp#27;[34mjoin&amp#27;[0m
        PRODUCT p1_1 
            &amp#27;[34mon&amp#27;[0m p1_1.id=p1_0.product_id 
    &amp#27;[34mwhere&amp#27;[0m
        p1_0.sale_id &amp#27;[34min&amp#27;[0m (?, ?, ?, ?, ?, ?, ?, ?, ?, ?, ?, ?, ?, ?, ?, ?)
&amp#27;[35m[Hibernate]&amp#27;[0m 
    &amp#27;[34mselect&amp#27;[0m
        ds1_0.id,
        ds1_0.description,
        ds1_0.exclusionDate,
        ds1_0.name 
    &amp#27;[34mfrom&amp#27;[0m
        DEPARTMENT ds1_0 
    &amp#27;[34mwhere&amp#27;[0m
        ds1_0.id &amp#27;[34min&amp#27;[0m (?, ?, ?, ?, ?, ?, ?, ?, ?, ?, ?, ?, ?, ?, ?, ?)
]]></system-out>
  </testcase>
  <testcase name="testDeleteSale" classname="unb.tppe.api.SaleTest" time="0.046">
    <system-out><![CDATA[&amp#27;[35m[Hibernate]&amp#27;[0m 
    &amp#27;[34mselect&amp#27;[0m
        ss1_0.id,
        ss1_0.client_id,
        c1_0.id,
        c1_0.notifyPromotion,
        c1_0.person_id,
        ps1_0.id,
        ps1_0.birthdate,
        ps1_0.email,
        ps1_0.exclusionDate,
        ps1_0.name,
        ps1_0.password,
        ps1_0.role,
        c1_0.registrationDate,
        ss1_0.dateSale,
        ss1_0.price,
        ss1_0.seller_id,
        s1_0.id,
        s1_0.baseSalary,
        s1_0.numberHours,
        s1_0.person_id,
        ps2_0.id,
        ps2_0.birthdate,
        ps2_0.email,
        ps2_0.exclusionDate,
        ps2_0.name,
        ps2_0.password,
        ps2_0.role 
    &amp#27;[34mfrom&amp#27;[0m
        SALE ss1_0 
    &amp#27;[34mjoin&amp#27;[0m
        CLIENT c1_0 
            &amp#27;[34mon&amp#27;[0m c1_0.id=ss1_0.client_id 
    &amp#27;[34mjoin&amp#27;[0m
        PERSON ps1_0 
            &amp#27;[34mon&amp#27;[0m ps1_0.id=c1_0.person_id 
    &amp#27;[34mjoin&amp#27;[0m
        SELLER s1_0 
            &amp#27;[34mon&amp#27;[0m s1_0.id=ss1_0.seller_id 
    &amp#27;[34mjoin&amp#27;[0m
        PERSON ps2_0 
            &amp#27;[34mon&amp#27;[0m ps2_0.id=s1_0.person_id 
    &amp#27;[34mwhere&amp#27;[0m
        ss1_0.id=?
&amp#27;[35m[Hibernate]&amp#27;[0m 
    &amp#27;[34mdelete&amp#27;[0m 
    &amp#27;[34mfrom&amp#27;[0m
        SALE_PRODUCT 
    &amp#27;[34mwhere&amp#27;[0m
        sale_id=?
&amp#27;[35m[Hibernate]&amp#27;[0m 
    &amp#27;[34mdelete&amp#27;[0m 
    &amp#27;[34mfrom&amp#27;[0m
        SALE 
    &amp#27;[34mwhere&amp#27;[0m
        id=?
&amp#27;[35m[Hibernate]&amp#27;[0m 
    &amp#27;[34mselect&amp#27;[0m
        ss1_0.id,
        ss1_0.client_id,
        c1_0.id,
        c1_0.notifyPromotion,
        c1_0.person_id,
        ps1_0.id,
        ps1_0.birthdate,
        ps1_0.email,
        ps1_0.exclusionDate,
        ps1_0.name,
        ps1_0.password,
        ps1_0.role,
        c1_0.registrationDate,
        ss1_0.dateSale,
        ss1_0.price,
        ss1_0.seller_id,
        s1_0.id,
        s1_0.baseSalary,
        s1_0.numberHours,
        s1_0.person_id,
        ps2_0.id,
        ps2_0.birthdate,
        ps2_0.email,
        ps2_0.exclusionDate,
        ps2_0.name,
        ps2_0.password,
        ps2_0.role 
    &amp#27;[34mfrom&amp#27;[0m
        SALE ss1_0 
    &amp#27;[34mjoin&amp#27;[0m
        CLIENT c1_0 
            &amp#27;[34mon&amp#27;[0m c1_0.id=ss1_0.client_id 
    &amp#27;[34mjoin&amp#27;[0m
        PERSON ps1_0 
            &amp#27;[34mon&amp#27;[0m ps1_0.id=c1_0.person_id 
    &amp#27;[34mjoin&amp#27;[0m
        SELLER s1_0 
            &amp#27;[34mon&amp#27;[0m s1_0.id=ss1_0.seller_id 
    &amp#27;[34mjoin&amp#27;[0m
        PERSON ps2_0 
            &amp#27;[34mon&amp#27;[0m ps2_0.id=s1_0.person_id 
    &amp#27;[34mwhere&amp#27;[0m
        ss1_0.id=?
]]></system-out>
  </testcase>
  <testcase name="listById(Long)[1]" classname="unb.tppe.api.SaleTest" time="0.024">
    <system-out><![CDATA[&amp#27;[35m[Hibernate]&amp#27;[0m 
    &amp#27;[34mselect&amp#27;[0m
        ss1_0.id,
        ss1_0.client_id,
        c1_0.id,
        c1_0.notifyPromotion,
        c1_0.person_id,
        ps1_0.id,
        ps1_0.birthdate,
        ps1_0.email,
        ps1_0.exclusionDate,
        ps1_0.name,
        ps1_0.password,
        ps1_0.role,
        c1_0.registrationDate,
        ss1_0.dateSale,
        ss1_0.price,
        ss1_0.seller_id,
        s1_0.id,
        s1_0.baseSalary,
        s1_0.numberHours,
        s1_0.person_id,
        ps2_0.id,
        ps2_0.birthdate,
        ps2_0.email,
        ps2_0.exclusionDate,
        ps2_0.name,
        ps2_0.password,
        ps2_0.role 
    &amp#27;[34mfrom&amp#27;[0m
        SALE ss1_0 
    &amp#27;[34mjoin&amp#27;[0m
        CLIENT c1_0 
            &amp#27;[34mon&amp#27;[0m c1_0.id=ss1_0.client_id 
    &amp#27;[34mjoin&amp#27;[0m
        PERSON ps1_0 
            &amp#27;[34mon&amp#27;[0m ps1_0.id=c1_0.person_id 
    &amp#27;[34mjoin&amp#27;[0m
        SELLER s1_0 
            &amp#27;[34mon&amp#27;[0m s1_0.id=ss1_0.seller_id 
    &amp#27;[34mjoin&amp#27;[0m
        PERSON ps2_0 
            &amp#27;[34mon&amp#27;[0m ps2_0.id=s1_0.person_id 
    &amp#27;[34mwhere&amp#27;[0m
        ss1_0.id=?
&amp#27;[35m[Hibernate]&amp#27;[0m 
    &amp#27;[34mselect&amp#27;[0m
        p1_0.sale_id,
        p1_1.id,
        p1_1.department_id,
        p1_1.description,
        p1_1.exclusionDate,
        p1_1.name,
        p1_1.price 
    &amp#27;[34mfrom&amp#27;[0m
        SALE_PRODUCT p1_0 
    &amp#27;[34mjoin&amp#27;[0m
        PRODUCT p1_1 
            &amp#27;[34mon&amp#27;[0m p1_1.id=p1_0.product_id 
    &amp#27;[34mwhere&amp#27;[0m
        p1_0.sale_id=?
&amp#27;[35m[Hibernate]&amp#27;[0m 
    &amp#27;[34mselect&amp#27;[0m
        ds1_0.id,
        ds1_0.description,
        ds1_0.exclusionDate,
        ds1_0.name 
    &amp#27;[34mfrom&amp#27;[0m
        DEPARTMENT ds1_0 
    &amp#27;[34mwhere&amp#27;[0m
        ds1_0.id=?
]]></system-out>
  </testcase>
  <testcase name="listById(Long)[2]" classname="unb.tppe.api.SaleTest" time="0.022">
    <system-out><![CDATA[&amp#27;[35m[Hibernate]&amp#27;[0m 
    &amp#27;[34mselect&amp#27;[0m
        ss1_0.id,
        ss1_0.client_id,
        c1_0.id,
        c1_0.notifyPromotion,
        c1_0.person_id,
        ps1_0.id,
        ps1_0.birthdate,
        ps1_0.email,
        ps1_0.exclusionDate,
        ps1_0.name,
        ps1_0.password,
        ps1_0.role,
        c1_0.registrationDate,
        ss1_0.dateSale,
        ss1_0.price,
        ss1_0.seller_id,
        s1_0.id,
        s1_0.baseSalary,
        s1_0.numberHours,
        s1_0.person_id,
        ps2_0.id,
        ps2_0.birthdate,
        ps2_0.email,
        ps2_0.exclusionDate,
        ps2_0.name,
        ps2_0.password,
        ps2_0.role 
    &amp#27;[34mfrom&amp#27;[0m
        SALE ss1_0 
    &amp#27;[34mjoin&amp#27;[0m
        CLIENT c1_0 
            &amp#27;[34mon&amp#27;[0m c1_0.id=ss1_0.client_id 
    &amp#27;[34mjoin&amp#27;[0m
        PERSON ps1_0 
            &amp#27;[34mon&amp#27;[0m ps1_0.id=c1_0.person_id 
    &amp#27;[34mjoin&amp#27;[0m
        SELLER s1_0 
            &amp#27;[34mon&amp#27;[0m s1_0.id=ss1_0.seller_id 
    &amp#27;[34mjoin&amp#27;[0m
        PERSON ps2_0 
            &amp#27;[34mon&amp#27;[0m ps2_0.id=s1_0.person_id 
    &amp#27;[34mwhere&amp#27;[0m
        ss1_0.id=?
&amp#27;[35m[Hibernate]&amp#27;[0m 
    &amp#27;[34mselect&amp#27;[0m
        p1_0.sale_id,
        p1_1.id,
        p1_1.department_id,
        p1_1.description,
        p1_1.exclusionDate,
        p1_1.name,
        p1_1.price 
    &amp#27;[34mfrom&amp#27;[0m
        SALE_PRODUCT p1_0 
    &amp#27;[34mjoin&amp#27;[0m
        PRODUCT p1_1 
            &amp#27;[34mon&amp#27;[0m p1_1.id=p1_0.product_id 
    &amp#27;[34mwhere&amp#27;[0m
        p1_0.sale_id=?
&amp#27;[35m[Hibernate]&amp#27;[0m 
    &amp#27;[34mselect&amp#27;[0m
        ds1_0.id,
        ds1_0.description,
        ds1_0.exclusionDate,
        ds1_0.name 
    &amp#27;[34mfrom&amp#27;[0m
        DEPARTMENT ds1_0 
    &amp#27;[34mwhere&amp#27;[0m
        ds1_0.id=?
]]></system-out>
  </testcase>
</testsuite>